# JRE version: OpenJDK Runtime Environment (21.0.5) (build 21.0.5+-12932927-b750.29)
# Java VM: OpenJDK 64-Bit Server VM (21.0.5+-12932927-b750.29, mixed mode, tiered, compressed oops, compressed class ptrs, g1 gc, windows-amd64)
GC Precious Log:
 CardTable entry size: 512
 Card Set container configuration: InlinePtr #cards 5 size 8 Array Of Cards #cards 12 size 40 Howl #buckets 4 coarsen threshold 1843 Howl Bitmap #cards 512 size 80 coarsen threshold 460 Card regions per heap region 1 cards per card region 2048
 CPUs: 4 total, 4 available
 Memory: 8035M
 Large Page Support: Disabled
 NUMA Support: Disabled
 Compressed Oops: Enabled (32-bit)
 Heap Region Size: 1M
 Heap Min Capacity: 8M
 Heap Initial Capacity: 126M
 Heap Max Capacity: 2G
 Pre-touch: Disabled
 Parallel Workers: 4
 Concurrent Workers: 1
 Concurrent Refinement Workers: 4
 Periodic GC: Disabled
Heap:
 garbage-first heap   total 276480K, used 165016K [0x0000000080000000, 0x0000000100000000)
  region size 1024K, 41 young (41984K), 10 survivors (10240K)
 Metaspace       used 114207K, committed 116416K, reserved 1179648K
  class space    used 15178K, committed 16256K, reserved 1048576K
GC Heap History (20 events):
Event: 28.781 GC heap before
{Heap before GC invocations=40 (full 0):
 garbage-first heap   total 132096K, used 119045K [0x0000000080000000, 0x0000000100000000)
  region size 1024K, 42 young (43008K), 5 survivors (5120K)
 Metaspace       used 101292K, committed 103488K, reserved 1179648K
  class space    used 13958K, committed 15040K, reserved 1048576K
}
Event: 28.794 GC heap after
{Heap after GC invocations=41 (full 0):
 garbage-first heap   total 158720K, used 85299K [0x0000000080000000, 0x0000000100000000)
  region size 1024K, 6 young (6144K), 6 survivors (6144K)
 Metaspace       used 101292K, committed 103488K, reserved 1179648K
  class space    used 13958K, committed 15040K, reserved 1048576K
}
Event: 29.555 GC heap before
{Heap before GC invocations=42 (full 0):
 garbage-first heap   total 158720K, used 140595K [0x0000000080000000, 0x0000000100000000)
  region size 1024K, 61 young (62464K), 6 survivors (6144K)
 Metaspace       used 101360K, committed 103488K, reserved 1179648K
  class space    used 13961K, committed 15040K, reserved 1048576K
}
Event: 29.569 GC heap after
{Heap after GC invocations=43 (full 0):
 garbage-first heap   total 158720K, used 88839K [0x0000000080000000, 0x0000000100000000)
  region size 1024K, 7 young (7168K), 7 survivors (7168K)
 Metaspace       used 101360K, committed 103488K, reserved 1179648K
  class space    used 13961K, committed 15040K, reserved 1048576K
}
Event: 30.897 GC heap before
{Heap before GC invocations=43 (full 0):
 garbage-first heap   total 158720K, used 155399K [0x0000000080000000, 0x0000000100000000)
  region size 1024K, 59 young (60416K), 7 survivors (7168K)
 Metaspace       used 104261K, committed 106368K, reserved 1179648K
  class space    used 14175K, committed 15232K, reserved 1048576K
}
Event: 30.930 GC heap after
{Heap after GC invocations=44 (full 0):
 garbage-first heap   total 181248K, used 105472K [0x0000000080000000, 0x0000000100000000)
  region size 1024K, 8 young (8192K), 8 survivors (8192K)
 Metaspace       used 104261K, committed 106368K, reserved 1179648K
  class space    used 14175K, committed 15232K, reserved 1048576K
}
Event: 31.633 GC heap before
{Heap before GC invocations=44 (full 0):
 garbage-first heap   total 181248K, used 138240K [0x0000000080000000, 0x0000000100000000)
  region size 1024K, 42 young (43008K), 8 survivors (8192K)
 Metaspace       used 104838K, committed 107008K, reserved 1179648K
  class space    used 14228K, committed 15296K, reserved 1048576K
}
Event: 31.660 GC heap after
{Heap after GC invocations=45 (full 0):
 garbage-first heap   total 181248K, used 116224K [0x0000000080000000, 0x0000000100000000)
  region size 1024K, 8 young (8192K), 8 survivors (8192K)
 Metaspace       used 104838K, committed 107008K, reserved 1179648K
  class space    used 14228K, committed 15296K, reserved 1048576K
}
Event: 33.318 GC heap before
{Heap before GC invocations=46 (full 0):
 garbage-first heap   total 203776K, used 160256K [0x0000000080000000, 0x0000000100000000)
  region size 1024K, 44 young (45056K), 8 survivors (8192K)
 Metaspace       used 105082K, committed 107264K, reserved 1179648K
  class space    used 14249K, committed 15360K, reserved 1048576K
}
Event: 33.337 GC heap after
{Heap after GC invocations=47 (full 0):
 garbage-first heap   total 203776K, used 123392K [0x0000000080000000, 0x0000000100000000)
  region size 1024K, 6 young (6144K), 6 survivors (6144K)
 Metaspace       used 105082K, committed 107264K, reserved 1179648K
  class space    used 14249K, committed 15360K, reserved 1048576K
}
Event: 34.016 GC heap before
{Heap before GC invocations=47 (full 0):
 garbage-first heap   total 203776K, used 185856K [0x0000000080000000, 0x0000000100000000)
  region size 1024K, 53 young (54272K), 6 survivors (6144K)
 Metaspace       used 106960K, committed 109120K, reserved 1179648K
  class space    used 14403K, committed 15424K, reserved 1048576K
}
Event: 34.040 GC heap after
{Heap after GC invocations=48 (full 0):
 garbage-first heap   total 204800K, used 132007K [0x0000000080000000, 0x0000000100000000)
  region size 1024K, 7 young (7168K), 7 survivors (7168K)
 Metaspace       used 106960K, committed 109120K, reserved 1179648K
  class space    used 14403K, committed 15424K, reserved 1048576K
}
Event: 34.886 GC heap before
{Heap before GC invocations=48 (full 0):
 garbage-first heap   total 204800K, used 176039K [0x0000000080000000, 0x0000000100000000)
  region size 1024K, 51 young (52224K), 7 survivors (7168K)
 Metaspace       used 109322K, committed 111552K, reserved 1179648K
  class space    used 14663K, committed 15808K, reserved 1048576K
}
Event: 34.904 GC heap after
{Heap after GC invocations=49 (full 0):
 garbage-first heap   total 204800K, used 137965K [0x0000000080000000, 0x0000000100000000)
  region size 1024K, 5 young (5120K), 5 survivors (5120K)
 Metaspace       used 109322K, committed 111552K, reserved 1179648K
  class space    used 14663K, committed 15808K, reserved 1048576K
}
Event: 35.794 GC heap before
{Heap before GC invocations=50 (full 0):
 garbage-first heap   total 230400K, used 179949K [0x0000000080000000, 0x0000000100000000)
  region size 1024K, 47 young (48128K), 5 survivors (5120K)
 Metaspace       used 110097K, committed 112320K, reserved 1179648K
  class space    used 14726K, committed 15872K, reserved 1048576K
}
Event: 35.806 GC heap after
{Heap after GC invocations=51 (full 0):
 garbage-first heap   total 230400K, used 141272K [0x0000000080000000, 0x0000000100000000)
  region size 1024K, 4 young (4096K), 4 survivors (4096K)
 Metaspace       used 110097K, committed 112320K, reserved 1179648K
  class space    used 14726K, committed 15872K, reserved 1048576K
}
Event: 37.336 GC heap before
{Heap before GC invocations=51 (full 0):
 garbage-first heap   total 230400K, used 199640K [0x0000000080000000, 0x0000000100000000)
  region size 1024K, 62 young (63488K), 4 survivors (4096K)
 Metaspace       used 111228K, committed 113408K, reserved 1179648K
  class space    used 14840K, committed 15936K, reserved 1048576K
}
Event: 37.349 GC heap after
{Heap after GC invocations=52 (full 0):
 garbage-first heap   total 276480K, used 130457K [0x0000000080000000, 0x0000000100000000)
  region size 1024K, 5 young (5120K), 5 survivors (5120K)
 Metaspace       used 111228K, committed 113408K, reserved 1179648K
  class space    used 14840K, committed 15936K, reserved 1048576K
}
Event: 41.096 GC heap before
{Heap before GC invocations=52 (full 0):
 garbage-first heap   total 276480K, used 230809K [0x0000000080000000, 0x0000000100000000)
  region size 1024K, 104 young (106496K), 5 survivors (5120K)
 Metaspace       used 114025K, committed 116224K, reserved 1179648K
  class space    used 15157K, committed 16256K, reserved 1048576K
}
Event: 41.110 GC heap after
{Heap after GC invocations=53 (full 0):
 garbage-first heap   total 276480K, used 135320K [0x0000000080000000, 0x0000000100000000)
  region size 1024K, 10 young (10240K), 10 survivors (10240K)
 Metaspace       used 114025K, committed 116224K, reserved 1179648K
  class space    used 15157K, committed 16256K, reserved 1048576K
}

