# JRE version: OpenJDK Runtime Environment (21.0.5) (build 21.0.5+-12932927-b750.29)
# Java VM: OpenJDK 64-Bit Server VM (21.0.5+-12932927-b750.29, mixed mode, tiered, compressed oops, compressed class ptrs, g1 gc, windows-amd64)
GC Precious Log:
 CardTable entry size: 512
 Card Set container configuration: InlinePtr #cards 5 size 8 Array Of Cards #cards 12 size 40 Howl #buckets 4 coarsen threshold 1843 Howl Bitmap #cards 512 size 80 coarsen threshold 460 Card regions per heap region 1 cards per card region 2048
 CPUs: 4 total, 4 available
 Memory: 8035M
 Large Page Support: Disabled
 NUMA Support: Disabled
 Compressed Oops: Enabled (32-bit)
 Heap Region Size: 1M
 Heap Min Capacity: 8M
 Heap Initial Capacity: 126M
 Heap Max Capacity: 2G
 Pre-touch: Disabled
 Parallel Workers: 4
 Concurrent Workers: 1
 Concurrent Refinement Workers: 4
 Periodic GC: Disabled
Heap:
 garbage-first heap   total 306176K, used 203264K [0x0000000080000000, 0x0000000100000000)
  region size 1024K, 6 young (6144K), 6 survivors (6144K)
 Metaspace       used 118061K, committed 120320K, reserved 1179648K
  class space    used 16109K, committed 17280K, reserved 1048576K
GC Heap History (20 events):
Event: 21.744 GC heap after
{Heap after GC invocations=44 (full 0):
 garbage-first heap   total 142336K, used 87863K [0x0000000080000000, 0x0000000100000000)
  region size 1024K, 5 young (5120K), 5 survivors (5120K)
 Metaspace       used 101283K, committed 103424K, reserved 1179648K
  class space    used 13955K, committed 15040K, reserved 1048576K
}
Event: 22.353 GC heap before
{Heap before GC invocations=44 (full 0):
 garbage-first heap   total 142336K, used 132919K [0x0000000080000000, 0x0000000100000000)
  region size 1024K, 45 young (46080K), 5 survivors (5120K)
 Metaspace       used 102694K, committed 104896K, reserved 1179648K
  class space    used 14074K, committed 15168K, reserved 1048576K
}
Event: 22.364 GC heap after
{Heap after GC invocations=45 (full 0):
 garbage-first heap   total 143360K, used 88192K [0x0000000080000000, 0x0000000100000000)
  region size 1024K, 4 young (4096K), 4 survivors (4096K)
 Metaspace       used 102694K, committed 104896K, reserved 1179648K
  class space    used 14074K, committed 15168K, reserved 1048576K
}
Event: 22.439 GC heap before
{Heap before GC invocations=45 (full 0):
 garbage-first heap   total 143360K, used 90240K [0x0000000080000000, 0x0000000100000000)
  region size 1024K, 8 young (8192K), 4 survivors (4096K)
 Metaspace       used 102989K, committed 105152K, reserved 1179648K
  class space    used 14113K, committed 15168K, reserved 1048576K
}
Event: 22.445 GC heap after
{Heap after GC invocations=46 (full 0):
 garbage-first heap   total 172032K, used 88635K [0x0000000080000000, 0x0000000100000000)
  region size 1024K, 1 young (1024K), 1 survivors (1024K)
 Metaspace       used 102989K, committed 105152K, reserved 1179648K
  class space    used 14113K, committed 15168K, reserved 1048576K
}
Event: 23.983 GC heap before
{Heap before GC invocations=46 (full 0):
 garbage-first heap   total 172032K, used 141883K [0x0000000080000000, 0x0000000100000000)
  region size 1024K, 53 young (54272K), 1 survivors (1024K)
 Metaspace       used 104943K, committed 107072K, reserved 1179648K
  class space    used 14307K, committed 15360K, reserved 1048576K
}
Event: 24.025 GC heap after
{Heap after GC invocations=47 (full 0):
 garbage-first heap   total 172032K, used 113152K [0x0000000080000000, 0x0000000100000000)
  region size 1024K, 9 young (9216K), 9 survivors (9216K)
 Metaspace       used 104943K, committed 107072K, reserved 1179648K
  class space    used 14307K, committed 15360K, reserved 1048576K
}
Event: 25.517 GC heap before
{Heap before GC invocations=48 (full 0):
 garbage-first heap   total 215040K, used 162304K [0x0000000080000000, 0x0000000100000000)
  region size 1024K, 43 young (44032K), 9 survivors (9216K)
 Metaspace       used 107154K, committed 109376K, reserved 1179648K
  class space    used 14536K, committed 15680K, reserved 1048576K
}
Event: 25.561 GC heap after
{Heap after GC invocations=49 (full 0):
 garbage-first heap   total 215040K, used 117415K [0x0000000080000000, 0x0000000100000000)
  region size 1024K, 4 young (4096K), 4 survivors (4096K)
 Metaspace       used 107154K, committed 109376K, reserved 1179648K
  class space    used 14536K, committed 15680K, reserved 1048576K
}
Event: 26.615 GC heap before
{Heap before GC invocations=49 (full 0):
 garbage-first heap   total 215040K, used 179879K [0x0000000080000000, 0x0000000100000000)
  region size 1024K, 66 young (67584K), 4 survivors (4096K)
 Metaspace       used 108318K, committed 110528K, reserved 1179648K
  class space    used 14677K, committed 15808K, reserved 1048576K
}
Event: 26.632 GC heap after
{Heap after GC invocations=50 (full 0):
 garbage-first heap   total 215040K, used 117784K [0x0000000080000000, 0x0000000100000000)
  region size 1024K, 6 young (6144K), 6 survivors (6144K)
 Metaspace       used 108318K, committed 110528K, reserved 1179648K
  class space    used 14677K, committed 15808K, reserved 1048576K
}
Event: 28.029 GC heap before
{Heap before GC invocations=50 (full 0):
 garbage-first heap   total 215040K, used 173080K [0x0000000080000000, 0x0000000100000000)
  region size 1024K, 62 young (63488K), 6 survivors (6144K)
 Metaspace       used 109361K, committed 111616K, reserved 1179648K
  class space    used 14800K, committed 15936K, reserved 1048576K
}
Event: 28.067 GC heap after
{Heap after GC invocations=51 (full 0):
 garbage-first heap   total 215040K, used 121559K [0x0000000080000000, 0x0000000100000000)
  region size 1024K, 8 young (8192K), 8 survivors (8192K)
 Metaspace       used 109361K, committed 111616K, reserved 1179648K
  class space    used 14800K, committed 15936K, reserved 1048576K
}
Event: 30.210 GC heap before
{Heap before GC invocations=52 (full 0):
 garbage-first heap   total 217088K, used 215767K [0x0000000080000000, 0x0000000100000000)
  region size 1024K, 69 young (70656K), 8 survivors (8192K)
 Metaspace       used 114941K, committed 117248K, reserved 1179648K
  class space    used 15528K, committed 16704K, reserved 1048576K
}
Event: 30.231 GC heap after
{Heap after GC invocations=53 (full 0):
 garbage-first heap   total 234496K, used 152663K [0x0000000080000000, 0x0000000100000000)
  region size 1024K, 9 young (9216K), 9 survivors (9216K)
 Metaspace       used 114941K, committed 117248K, reserved 1179648K
  class space    used 15528K, committed 16704K, reserved 1048576K
}
Event: 31.041 GC heap before
{Heap before GC invocations=53 (full 0):
 garbage-first heap   total 234496K, used 226391K [0x0000000080000000, 0x0000000100000000)
  region size 1024K, 64 young (65536K), 9 survivors (9216K)
 Metaspace       used 115264K, committed 117504K, reserved 1179648K
  class space    used 15570K, committed 16704K, reserved 1048576K
}
Event: 31.141 GC heap after
{Heap after GC invocations=54 (full 0):
 garbage-first heap   total 260096K, used 167480K [0x0000000080000000, 0x0000000100000000)
  region size 1024K, 8 young (8192K), 8 survivors (8192K)
 Metaspace       used 115264K, committed 117504K, reserved 1179648K
  class space    used 15570K, committed 16704K, reserved 1048576K
}
Event: 32.282 GC heap before
{Heap before GC invocations=54 (full 0):
 garbage-first heap   total 260096K, used 223800K [0x0000000080000000, 0x0000000100000000)
  region size 1024K, 64 young (65536K), 8 survivors (8192K)
 Metaspace       used 117962K, committed 120128K, reserved 1179648K
  class space    used 16105K, committed 17216K, reserved 1048576K
}
Event: 32.355 GC heap after
{Heap after GC invocations=55 (full 0):
 garbage-first heap   total 260096K, used 189440K [0x0000000080000000, 0x0000000100000000)
  region size 1024K, 8 young (8192K), 8 survivors (8192K)
 Metaspace       used 117962K, committed 120128K, reserved 1179648K
  class space    used 16105K, committed 17216K, reserved 1048576K
}
Event: 32.873 GC heap before
{Heap before GC invocations=55 (full 0):
 garbage-first heap   total 306176K, used 222208K [0x0000000080000000, 0x0000000100000000)
  region size 1024K, 46 young (47104K), 8 survivors (8192K)
 Metaspace       used 118061K, committed 120320K, reserved 1179648K
  class space    used 16109K, committed 17280K, reserved 1048576K
}

