# JRE version: OpenJDK Runtime Environment (21.0.5) (build 21.0.5+-12932927-b750.29)
# Java VM: OpenJDK 64-Bit Server VM (21.0.5+-12932927-b750.29, mixed mode, tiered, compressed oops, compressed class ptrs, g1 gc, windows-amd64)
GC Precious Log:
 CardTable entry size: 512
 Card Set container configuration: InlinePtr #cards 5 size 8 Array Of Cards #cards 12 size 40 Howl #buckets 4 coarsen threshold 1843 Howl Bitmap #cards 512 size 80 coarsen threshold 460 Card regions per heap region 1 cards per card region 2048
 CPUs: 4 total, 4 available
 Memory: 8035M
 Large Page Support: Disabled
 NUMA Support: Disabled
 Compressed Oops: Enabled (32-bit)
 Heap Region Size: 1M
 Heap Min Capacity: 8M
 Heap Initial Capacity: 126M
 Heap Max Capacity: 2G
 Pre-touch: Disabled
 Parallel Workers: 4
 Concurrent Workers: 1
 Concurrent Refinement Workers: 4
 Periodic GC: Disabled
Heap:
 garbage-first heap   total 286720K, used 202684K [0x0000000080000000, 0x0000000100000000)
  region size 1024K, 41 young (41984K), 8 survivors (8192K)
 Metaspace       used 165550K, committed 168128K, reserved 1245184K
  class space    used 21314K, committed 22592K, reserved 1048576K
GC Heap History (20 events):
Event: 32.057 GC heap before
{Heap before GC invocations=48 (full 0):
 garbage-first heap   total 223232K, used 193607K [0x0000000080000000, 0x0000000100000000)
  region size 1024K, 84 young (86016K), 5 survivors (5120K)
 Metaspace       used 120924K, committed 123200K, reserved 1179648K
  class space    used 15991K, committed 17152K, reserved 1048576K
}
Event: 32.083 GC heap after
{Heap after GC invocations=49 (full 0):
 garbage-first heap   total 223232K, used 120228K [0x0000000080000000, 0x0000000100000000)
  region size 1024K, 11 young (11264K), 11 survivors (11264K)
 Metaspace       used 120924K, committed 123200K, reserved 1179648K
  class space    used 15991K, committed 17152K, reserved 1048576K
}
Event: 34.361 GC heap before
{Heap before GC invocations=50 (full 0):
 garbage-first heap   total 223232K, used 197028K [0x0000000080000000, 0x0000000100000000)
  region size 1024K, 86 young (88064K), 11 survivors (11264K)
 Metaspace       used 129780K, committed 132032K, reserved 1179648K
  class space    used 16944K, committed 18112K, reserved 1048576K
}
Event: 34.400 GC heap after
{Heap after GC invocations=51 (full 0):
 garbage-first heap   total 223232K, used 126551K [0x0000000080000000, 0x0000000100000000)
  region size 1024K, 6 young (6144K), 6 survivors (6144K)
 Metaspace       used 129780K, committed 132032K, reserved 1179648K
  class space    used 16944K, committed 18112K, reserved 1048576K
}
Event: 35.631 GC heap before
{Heap before GC invocations=51 (full 0):
 garbage-first heap   total 223232K, used 199255K [0x0000000080000000, 0x0000000100000000)
  region size 1024K, 77 young (78848K), 6 survivors (6144K)
 Metaspace       used 141634K, committed 143808K, reserved 1179648K
  class space    used 18015K, committed 19136K, reserved 1048576K
}
Event: 35.650 GC heap after
{Heap after GC invocations=52 (full 0):
 garbage-first heap   total 223232K, used 128636K [0x0000000080000000, 0x0000000100000000)
  region size 1024K, 3 young (3072K), 3 survivors (3072K)
 Metaspace       used 141634K, committed 143808K, reserved 1179648K
  class space    used 18015K, committed 19136K, reserved 1048576K
}
Event: 36.605 GC heap before
{Heap before GC invocations=52 (full 0):
 garbage-first heap   total 223232K, used 170620K [0x0000000080000000, 0x0000000100000000)
  region size 1024K, 45 young (46080K), 3 survivors (3072K)
 Metaspace       used 145509K, committed 147776K, reserved 1179648K
  class space    used 18499K, committed 19648K, reserved 1048576K
}
Event: 36.611 GC heap after
{Heap after GC invocations=53 (full 0):
 garbage-first heap   total 223232K, used 130205K [0x0000000080000000, 0x0000000100000000)
  region size 1024K, 5 young (5120K), 5 survivors (5120K)
 Metaspace       used 145509K, committed 147776K, reserved 1179648K
  class space    used 18499K, committed 19648K, reserved 1048576K
}
Event: 37.897 GC heap before
{Heap before GC invocations=54 (full 0):
 garbage-first heap   total 223232K, used 205981K [0x0000000080000000, 0x0000000100000000)
  region size 1024K, 78 young (79872K), 5 survivors (5120K)
 Metaspace       used 151352K, committed 153792K, reserved 1245184K
  class space    used 19470K, committed 20672K, reserved 1048576K
}
Event: 37.907 GC heap after
{Heap after GC invocations=55 (full 0):
 garbage-first heap   total 223232K, used 132973K [0x0000000080000000, 0x0000000100000000)
  region size 1024K, 7 young (7168K), 7 survivors (7168K)
 Metaspace       used 151352K, committed 153792K, reserved 1245184K
  class space    used 19470K, committed 20672K, reserved 1048576K
}
Event: 39.206 GC heap before
{Heap before GC invocations=55 (full 0):
 garbage-first heap   total 223232K, used 203629K [0x0000000080000000, 0x0000000100000000)
  region size 1024K, 76 young (77824K), 7 survivors (7168K)
 Metaspace       used 157796K, committed 160320K, reserved 1245184K
  class space    used 20419K, committed 21696K, reserved 1048576K
}
Event: 39.223 GC heap after
{Heap after GC invocations=56 (full 0):
 garbage-first heap   total 223232K, used 128061K [0x0000000080000000, 0x0000000100000000)
  region size 1024K, 9 young (9216K), 9 survivors (9216K)
 Metaspace       used 157796K, committed 160320K, reserved 1245184K
  class space    used 20419K, committed 21696K, reserved 1048576K
}
Event: 40.356 GC heap before
{Heap before GC invocations=56 (full 0):
 garbage-first heap   total 223232K, used 172093K [0x0000000080000000, 0x0000000100000000)
  region size 1024K, 54 young (55296K), 9 survivors (9216K)
 Metaspace       used 161240K, committed 163776K, reserved 1245184K
  class space    used 20936K, committed 22208K, reserved 1048576K
}
Event: 40.388 GC heap after
{Heap after GC invocations=57 (full 0):
 garbage-first heap   total 223232K, used 132181K [0x0000000080000000, 0x0000000100000000)
  region size 1024K, 8 young (8192K), 8 survivors (8192K)
 Metaspace       used 161240K, committed 163776K, reserved 1245184K
  class space    used 20936K, committed 22208K, reserved 1048576K
}
Event: 42.641 GC heap before
{Heap before GC invocations=58 (full 0):
 garbage-first heap   total 223232K, used 205909K [0x0000000080000000, 0x0000000100000000)
  region size 1024K, 76 young (77824K), 8 survivors (8192K)
 Metaspace       used 162996K, committed 165568K, reserved 1245184K
  class space    used 21085K, committed 22400K, reserved 1048576K
}
Event: 42.665 GC heap after
{Heap after GC invocations=59 (full 0):
 garbage-first heap   total 223232K, used 136621K [0x0000000080000000, 0x0000000100000000)
  region size 1024K, 9 young (9216K), 9 survivors (9216K)
 Metaspace       used 162996K, committed 165568K, reserved 1245184K
  class space    used 21085K, committed 22400K, reserved 1048576K
}
Event: 48.218 GC heap before
{Heap before GC invocations=59 (full 0):
 garbage-first heap   total 223232K, used 209325K [0x0000000080000000, 0x0000000100000000)
  region size 1024K, 72 young (73728K), 9 survivors (9216K)
 Metaspace       used 164929K, committed 167488K, reserved 1245184K
  class space    used 21260K, committed 22592K, reserved 1048576K
}
Event: 48.261 GC heap after
{Heap after GC invocations=60 (full 0):
 garbage-first heap   total 242688K, used 158208K [0x0000000080000000, 0x0000000100000000)
  region size 1024K, 9 young (9216K), 9 survivors (9216K)
 Metaspace       used 164929K, committed 167488K, reserved 1245184K
  class space    used 21260K, committed 22592K, reserved 1048576K
}
Event: 48.896 GC heap before
{Heap before GC invocations=60 (full 0):
 garbage-first heap   total 242688K, used 182784K [0x0000000080000000, 0x0000000100000000)
  region size 1024K, 34 young (34816K), 9 survivors (9216K)
 Metaspace       used 165331K, committed 167872K, reserved 1245184K
  class space    used 21297K, committed 22592K, reserved 1048576K
}
Event: 48.917 GC heap after
{Heap after GC invocations=61 (full 0):
 garbage-first heap   total 242688K, used 166844K [0x0000000080000000, 0x0000000100000000)
  region size 1024K, 8 young (8192K), 8 survivors (8192K)
 Metaspace       used 165331K, committed 167872K, reserved 1245184K
  class space    used 21297K, committed 22592K, reserved 1048576K
}

