# JRE version: OpenJDK Runtime Environment (21.0.5) (build 21.0.5+-12932927-b750.29)
# Java VM: OpenJDK 64-Bit Server VM (21.0.5+-12932927-b750.29, mixed mode, tiered, compressed oops, compressed class ptrs, g1 gc, windows-amd64)
GC Precious Log:
 CardTable entry size: 512
 Card Set container configuration: InlinePtr #cards 5 size 8 Array Of Cards #cards 12 size 40 Howl #buckets 4 coarsen threshold 1843 Howl Bitmap #cards 512 size 80 coarsen threshold 460 Card regions per heap region 1 cards per card region 2048
 CPUs: 4 total, 4 available
 Memory: 8035M
 Large Page Support: Disabled
 NUMA Support: Disabled
 Compressed Oops: Enabled (32-bit)
 Heap Region Size: 1M
 Heap Min Capacity: 8M
 Heap Initial Capacity: 126M
 Heap Max Capacity: 2G
 Pre-touch: Disabled
 Parallel Workers: 4
 Concurrent Workers: 1
 Concurrent Refinement Workers: 4
 Periodic GC: Disabled
Heap:
 garbage-first heap   total 245760K, used 232755K [0x0000000080000000, 0x0000000100000000)
  region size 1024K, 90 young (92160K), 11 survivors (11264K)
 Metaspace       used 109493K, committed 111680K, reserved 1179648K
  class space    used 15031K, committed 16128K, reserved 1048576K
GC Heap History (20 events):
Event: 19.339 GC heap after
{Heap after GC invocations=32 (full 0):
 garbage-first heap   total 147456K, used 77972K [0x0000000080000000, 0x0000000100000000)
  region size 1024K, 6 young (6144K), 6 survivors (6144K)
 Metaspace       used 92657K, committed 94720K, reserved 1179648K
  class space    used 12663K, committed 13696K, reserved 1048576K
}
Event: 20.207 GC heap before
{Heap before GC invocations=32 (full 0):
 garbage-first heap   total 147456K, used 132244K [0x0000000080000000, 0x0000000100000000)
  region size 1024K, 59 young (60416K), 6 survivors (6144K)
 Metaspace       used 97719K, committed 99776K, reserved 1179648K
  class space    used 13387K, committed 14400K, reserved 1048576K
}
Event: 20.218 GC heap after
{Heap after GC invocations=33 (full 0):
 garbage-first heap   total 147456K, used 80478K [0x0000000080000000, 0x0000000100000000)
  region size 1024K, 7 young (7168K), 7 survivors (7168K)
 Metaspace       used 97719K, committed 99776K, reserved 1179648K
  class space    used 13387K, committed 14400K, reserved 1048576K
}
Event: 21.060 GC heap before
{Heap before GC invocations=33 (full 0):
 garbage-first heap   total 147456K, used 129630K [0x0000000080000000, 0x0000000100000000)
  region size 1024K, 56 young (57344K), 7 survivors (7168K)
 Metaspace       used 101457K, committed 103552K, reserved 1179648K
  class space    used 13948K, committed 14976K, reserved 1048576K
}
Event: 21.077 GC heap after
{Heap after GC invocations=34 (full 0):
 garbage-first heap   total 147456K, used 85342K [0x0000000080000000, 0x0000000100000000)
  region size 1024K, 7 young (7168K), 7 survivors (7168K)
 Metaspace       used 101457K, committed 103552K, reserved 1179648K
  class space    used 13948K, committed 14976K, reserved 1048576K
}
Event: 21.553 GC heap before
{Heap before GC invocations=35 (full 0):
 garbage-first heap   total 147456K, used 131422K [0x0000000080000000, 0x0000000100000000)
  region size 1024K, 52 young (53248K), 7 survivors (7168K)
 Metaspace       used 101550K, committed 103616K, reserved 1179648K
  class space    used 13954K, committed 14976K, reserved 1048576K
}
Event: 21.567 GC heap after
{Heap after GC invocations=36 (full 0):
 garbage-first heap   total 147456K, used 89683K [0x0000000080000000, 0x0000000100000000)
  region size 1024K, 4 young (4096K), 4 survivors (4096K)
 Metaspace       used 101550K, committed 103616K, reserved 1179648K
  class space    used 13954K, committed 14976K, reserved 1048576K
}
Event: 22.089 GC heap before
{Heap before GC invocations=36 (full 0):
 garbage-first heap   total 147456K, used 133715K [0x0000000080000000, 0x0000000100000000)
  region size 1024K, 48 young (49152K), 4 survivors (4096K)
 Metaspace       used 101910K, committed 104000K, reserved 1179648K
  class space    used 14011K, committed 15040K, reserved 1048576K
}
Event: 22.097 GC heap after
{Heap after GC invocations=37 (full 0):
 garbage-first heap   total 147456K, used 90523K [0x0000000080000000, 0x0000000100000000)
  region size 1024K, 5 young (5120K), 5 survivors (5120K)
 Metaspace       used 101910K, committed 104000K, reserved 1179648K
  class space    used 14011K, committed 15040K, reserved 1048576K
}
Event: 22.387 GC heap before
{Heap before GC invocations=37 (full 0):
 garbage-first heap   total 147456K, used 122267K [0x0000000080000000, 0x0000000100000000)
  region size 1024K, 38 young (38912K), 5 survivors (5120K)
 Metaspace       used 102187K, committed 104320K, reserved 1179648K
  class space    used 14044K, committed 15104K, reserved 1048576K
}
Event: 22.394 GC heap after
{Heap after GC invocations=38 (full 0):
 garbage-first heap   total 147456K, used 92896K [0x0000000080000000, 0x0000000100000000)
  region size 1024K, 5 young (5120K), 5 survivors (5120K)
 Metaspace       used 102187K, committed 104320K, reserved 1179648K
  class space    used 14044K, committed 15104K, reserved 1048576K
}
Event: 23.422 GC heap before
{Heap before GC invocations=39 (full 0):
 garbage-first heap   total 165888K, used 135904K [0x0000000080000000, 0x0000000100000000)
  region size 1024K, 43 young (44032K), 5 survivors (5120K)
 Metaspace       used 103792K, committed 105920K, reserved 1179648K
  class space    used 14180K, committed 15232K, reserved 1048576K
}
Event: 23.431 GC heap after
{Heap after GC invocations=40 (full 0):
 garbage-first heap   total 165888K, used 95319K [0x0000000080000000, 0x0000000100000000)
  region size 1024K, 6 young (6144K), 6 survivors (6144K)
 Metaspace       used 103792K, committed 105920K, reserved 1179648K
  class space    used 14180K, committed 15232K, reserved 1048576K
}
Event: 24.256 GC heap before
{Heap before GC invocations=40 (full 0):
 garbage-first heap   total 165888K, used 162903K [0x0000000080000000, 0x0000000100000000)
  region size 1024K, 59 young (60416K), 6 survivors (6144K)
 Metaspace       used 104748K, committed 107008K, reserved 1179648K
  class space    used 14294K, committed 15424K, reserved 1048576K
}
Event: 24.272 GC heap after
{Heap after GC invocations=41 (full 0):
 garbage-first heap   total 178176K, used 113727K [0x0000000080000000, 0x0000000100000000)
  region size 1024K, 8 young (8192K), 8 survivors (8192K)
 Metaspace       used 104748K, committed 107008K, reserved 1179648K
  class space    used 14294K, committed 15424K, reserved 1048576K
}
Event: 24.928 GC heap before
{Heap before GC invocations=41 (full 0):
 garbage-first heap   total 178176K, used 135231K [0x0000000080000000, 0x0000000100000000)
  region size 1024K, 31 young (31744K), 8 survivors (8192K)
 Metaspace       used 107790K, committed 109952K, reserved 1179648K
  class space    used 14718K, committed 15808K, reserved 1048576K
}
Event: 24.937 GC heap after
{Heap after GC invocations=42 (full 0):
 garbage-first heap   total 214016K, used 115323K [0x0000000080000000, 0x0000000100000000)
  region size 1024K, 2 young (2048K), 2 survivors (2048K)
 Metaspace       used 107790K, committed 109952K, reserved 1179648K
  class space    used 14718K, committed 15808K, reserved 1048576K
}
Event: 24.938 GC heap before
{Heap before GC invocations=42 (full 0):
 garbage-first heap   total 214016K, used 116347K [0x0000000080000000, 0x0000000100000000)
  region size 1024K, 3 young (3072K), 2 survivors (2048K)
 Metaspace       used 107790K, committed 109952K, reserved 1179648K
  class space    used 14718K, committed 15808K, reserved 1048576K
}
Event: 24.941 GC heap after
{Heap after GC invocations=43 (full 0):
 garbage-first heap   total 214016K, used 116020K [0x0000000080000000, 0x0000000100000000)
  region size 1024K, 2 young (2048K), 2 survivors (2048K)
 Metaspace       used 107790K, committed 109952K, reserved 1179648K
  class space    used 14718K, committed 15808K, reserved 1048576K
}
Event: 26.548 GC heap before
{Heap before GC invocations=44 (full 0):
 garbage-first heap   total 237568K, used 231732K [0x0000000080000000, 0x0000000100000000)
  region size 1024K, 81 young (82944K), 2 survivors (2048K)
 Metaspace       used 109493K, committed 111680K, reserved 1179648K
  class space    used 15031K, committed 16128K, reserved 1048576K
}

