# JRE version: OpenJDK Runtime Environment (21.0.5) (build 21.0.5+-12932927-b750.29)
# Java VM: OpenJDK 64-Bit Server VM (21.0.5+-12932927-b750.29, mixed mode, tiered, compressed oops, compressed class ptrs, g1 gc, windows-amd64)
GC Precious Log:
 CardTable entry size: 512
 Card Set container configuration: InlinePtr #cards 5 size 8 Array Of Cards #cards 12 size 40 Howl #buckets 4 coarsen threshold 1843 Howl Bitmap #cards 512 size 80 coarsen threshold 460 Card regions per heap region 1 cards per card region 2048
 CPUs: 4 total, 4 available
 Memory: 8035M
 Large Page Support: Disabled
 NUMA Support: Disabled
 Compressed Oops: Enabled (32-bit)
 Heap Region Size: 1M
 Heap Min Capacity: 8M
 Heap Initial Capacity: 126M
 Heap Max Capacity: 2G
 Pre-touch: Disabled
 Parallel Workers: 4
 Concurrent Workers: 1
 Concurrent Refinement Workers: 4
 Periodic GC: Disabled
Heap:
 garbage-first heap   total 256000K, used 196096K [0x0000000080000000, 0x0000000100000000)
  region size 1024K, 8 young (8192K), 8 survivors (8192K)
 Metaspace       used 111168K, committed 113408K, reserved 1179648K
  class space    used 15371K, committed 16512K, reserved 1048576K
GC Heap History (20 events):
Event: 22.847 GC heap after
{Heap after GC invocations=39 (full 0):
 garbage-first heap   total 147456K, used 82665K [0x0000000080000000, 0x0000000100000000)
  region size 1024K, 7 young (7168K), 7 survivors (7168K)
 Metaspace       used 99194K, committed 101312K, reserved 1179648K
  class space    used 13617K, committed 14656K, reserved 1048576K
}
Event: 24.053 GC heap before
{Heap before GC invocations=39 (full 0):
 garbage-first heap   total 147456K, used 131817K [0x0000000080000000, 0x0000000100000000)
  region size 1024K, 55 young (56320K), 7 survivors (7168K)
 Metaspace       used 101347K, committed 103488K, reserved 1179648K
  class space    used 13962K, committed 15040K, reserved 1048576K
}
Event: 24.078 GC heap after
{Heap after GC invocations=40 (full 0):
 garbage-first heap   total 147456K, used 87206K [0x0000000080000000, 0x0000000100000000)
  region size 1024K, 7 young (7168K), 7 survivors (7168K)
 Metaspace       used 101347K, committed 103488K, reserved 1179648K
  class space    used 13962K, committed 15040K, reserved 1048576K
}
Event: 24.874 GC heap before
{Heap before GC invocations=41 (full 0):
 garbage-first heap   total 147456K, used 130214K [0x0000000080000000, 0x0000000100000000)
  region size 1024K, 50 young (51200K), 7 survivors (7168K)
 Metaspace       used 101589K, committed 103744K, reserved 1179648K
  class space    used 13997K, committed 15040K, reserved 1048576K
}
Event: 24.888 GC heap after
{Heap after GC invocations=42 (full 0):
 garbage-first heap   total 147456K, used 90173K [0x0000000080000000, 0x0000000100000000)
  region size 1024K, 5 young (5120K), 5 survivors (5120K)
 Metaspace       used 101589K, committed 103744K, reserved 1179648K
  class space    used 13997K, committed 15040K, reserved 1048576K
}
Event: 25.332 GC heap before
{Heap before GC invocations=42 (full 0):
 garbage-first heap   total 147456K, used 132157K [0x0000000080000000, 0x0000000100000000)
  region size 1024K, 47 young (48128K), 5 survivors (5120K)
 Metaspace       used 101733K, committed 103872K, reserved 1179648K
  class space    used 14019K, committed 15104K, reserved 1048576K
}
Event: 25.341 GC heap after
{Heap after GC invocations=43 (full 0):
 garbage-first heap   total 147456K, used 90217K [0x0000000080000000, 0x0000000100000000)
  region size 1024K, 4 young (4096K), 4 survivors (4096K)
 Metaspace       used 101733K, committed 103872K, reserved 1179648K
  class space    used 14019K, committed 15104K, reserved 1048576K
}
Event: 25.449 GC heap before
{Heap before GC invocations=43 (full 0):
 garbage-first heap   total 147456K, used 98409K [0x0000000080000000, 0x0000000100000000)
  region size 1024K, 14 young (14336K), 4 survivors (4096K)
 Metaspace       used 101964K, committed 104128K, reserved 1179648K
  class space    used 14050K, committed 15104K, reserved 1048576K
}
Event: 25.455 GC heap after
{Heap after GC invocations=44 (full 0):
 garbage-first heap   total 177152K, used 91548K [0x0000000080000000, 0x0000000100000000)
  region size 1024K, 3 young (3072K), 3 survivors (3072K)
 Metaspace       used 101964K, committed 104128K, reserved 1179648K
  class space    used 14050K, committed 15104K, reserved 1048576K
}
Event: 26.424 GC heap before
{Heap before GC invocations=45 (full 0):
 garbage-first heap   total 177152K, used 152988K [0x0000000080000000, 0x0000000100000000)
  region size 1024K, 59 young (60416K), 3 survivors (3072K)
 Metaspace       used 104260K, committed 106432K, reserved 1179648K
  class space    used 14248K, committed 15296K, reserved 1048576K
}
Event: 26.434 GC heap after
{Heap after GC invocations=46 (full 0):
 garbage-first heap   total 177152K, used 95733K [0x0000000080000000, 0x0000000100000000)
  region size 1024K, 7 young (7168K), 7 survivors (7168K)
 Metaspace       used 104260K, committed 106432K, reserved 1179648K
  class space    used 14248K, committed 15296K, reserved 1048576K
}
Event: 27.455 GC heap before
{Heap before GC invocations=46 (full 0):
 garbage-first heap   total 177152K, used 165365K [0x0000000080000000, 0x0000000100000000)
  region size 1024K, 62 young (63488K), 7 survivors (7168K)
 Metaspace       used 107505K, committed 109632K, reserved 1179648K
  class space    used 14687K, committed 15744K, reserved 1048576K
}
Event: 27.472 GC heap after
{Heap after GC invocations=47 (full 0):
 garbage-first heap   total 182272K, used 114566K [0x0000000080000000, 0x0000000100000000)
  region size 1024K, 8 young (8192K), 8 survivors (8192K)
 Metaspace       used 107505K, committed 109632K, reserved 1179648K
  class space    used 14687K, committed 15744K, reserved 1048576K
}
Event: 27.539 GC heap before
{Heap before GC invocations=47 (full 0):
 garbage-first heap   total 182272K, used 116614K [0x0000000080000000, 0x0000000100000000)
  region size 1024K, 11 young (11264K), 8 survivors (8192K)
 Metaspace       used 107778K, committed 109888K, reserved 1179648K
  class space    used 14729K, committed 15808K, reserved 1048576K
}
Event: 27.544 GC heap after
{Heap after GC invocations=48 (full 0):
 garbage-first heap   total 182272K, used 115675K [0x0000000080000000, 0x0000000100000000)
  region size 1024K, 2 young (2048K), 2 survivors (2048K)
 Metaspace       used 107778K, committed 109888K, reserved 1179648K
  class space    used 14729K, committed 15808K, reserved 1048576K
}
Event: 28.155 GC heap before
{Heap before GC invocations=49 (full 0):
 garbage-first heap   total 252928K, used 197595K [0x0000000080000000, 0x0000000100000000)
  region size 1024K, 49 young (50176K), 2 survivors (2048K)
 Metaspace       used 108387K, committed 110528K, reserved 1179648K
  class space    used 14822K, committed 15872K, reserved 1048576K
}
Event: 28.200 GC heap after
{Heap after GC invocations=50 (full 0):
 garbage-first heap   total 252928K, used 145462K [0x0000000080000000, 0x0000000100000000)
  region size 1024K, 7 young (7168K), 7 survivors (7168K)
 Metaspace       used 108387K, committed 110528K, reserved 1179648K
  class space    used 14822K, committed 15872K, reserved 1048576K
}
Event: 29.357 GC heap before
{Heap before GC invocations=50 (full 0):
 garbage-first heap   total 252928K, used 220214K [0x0000000080000000, 0x0000000100000000)
  region size 1024K, 79 young (80896K), 7 survivors (7168K)
 Metaspace       used 111103K, committed 113344K, reserved 1179648K
  class space    used 15366K, committed 16512K, reserved 1048576K
}
Event: 29.426 GC heap after
{Heap after GC invocations=51 (full 0):
 garbage-first heap   total 256000K, used 171520K [0x0000000080000000, 0x0000000100000000)
  region size 1024K, 10 young (10240K), 10 survivors (10240K)
 Metaspace       used 111103K, committed 113344K, reserved 1179648K
  class space    used 15366K, committed 16512K, reserved 1048576K
}
Event: 29.671 GC heap before
{Heap before GC invocations=51 (full 0):
 garbage-first heap   total 256000K, used 219648K [0x0000000080000000, 0x0000000100000000)
  region size 1024K, 58 young (59392K), 10 survivors (10240K)
 Metaspace       used 111168K, committed 113408K, reserved 1179648K
  class space    used 15371K, committed 16512K, reserved 1048576K
}

