# JRE version: OpenJDK Runtime Environment (21.0.5) (build 21.0.5+-12932927-b750.29)
# Java VM: OpenJDK 64-Bit Server VM (21.0.5+-12932927-b750.29, mixed mode, tiered, compressed oops, compressed class ptrs, g1 gc, windows-amd64)
GC Precious Log:
 CardTable entry size: 512
 Card Set container configuration: InlinePtr #cards 5 size 8 Array Of Cards #cards 12 size 40 Howl #buckets 4 coarsen threshold 1843 Howl Bitmap #cards 512 size 80 coarsen threshold 460 Card regions per heap region 1 cards per card region 2048
 CPUs: 4 total, 4 available
 Memory: 8035M
 Large Page Support: Disabled
 NUMA Support: Disabled
 Compressed Oops: Enabled (32-bit)
 Heap Region Size: 1M
 Heap Min Capacity: 8M
 Heap Initial Capacity: 126M
 Heap Max Capacity: 2G
 Pre-touch: Disabled
 Parallel Workers: 4
 Concurrent Workers: 1
 Concurrent Refinement Workers: 4
 Periodic GC: Disabled
Heap:
 garbage-first heap   total 258048K, used 197632K [0x0000000080000000, 0x0000000100000000)
  region size 1024K, 69 young (70656K), 7 survivors (7168K)
 Metaspace       used 110835K, committed 112960K, reserved 1179648K
  class space    used 14988K, committed 16064K, reserved 1048576K
GC Heap History (20 events):
Event: 21.141 GC heap before
{Heap before GC invocations=36 (full 0):
 garbage-first heap   total 126976K, used 115614K [0x0000000080000000, 0x0000000100000000)
  region size 1024K, 42 young (43008K), 3 survivors (3072K)
 Metaspace       used 92954K, committed 95040K, reserved 1179648K
  class space    used 12706K, committed 13696K, reserved 1048576K
}
Event: 21.153 GC heap after
{Heap after GC invocations=37 (full 0):
 garbage-first heap   total 126976K, used 78112K [0x0000000080000000, 0x0000000100000000)
  region size 1024K, 5 young (5120K), 5 survivors (5120K)
 Metaspace       used 92954K, committed 95040K, reserved 1179648K
  class space    used 12706K, committed 13696K, reserved 1048576K
}
Event: 22.416 GC heap before
{Heap before GC invocations=38 (full 0):
 garbage-first heap   total 132096K, used 113952K [0x0000000080000000, 0x0000000100000000)
  region size 1024K, 40 young (40960K), 5 survivors (5120K)
 Metaspace       used 95568K, committed 97600K, reserved 1179648K
  class space    used 13153K, committed 14144K, reserved 1048576K
}
Event: 22.426 GC heap after
{Heap after GC invocations=39 (full 0):
 garbage-first heap   total 132096K, used 79814K [0x0000000080000000, 0x0000000100000000)
  region size 1024K, 4 young (4096K), 4 survivors (4096K)
 Metaspace       used 95568K, committed 97600K, reserved 1179648K
  class space    used 13153K, committed 14144K, reserved 1048576K
}
Event: 23.598 GC heap before
{Heap before GC invocations=39 (full 0):
 garbage-first heap   total 132096K, used 120774K [0x0000000080000000, 0x0000000100000000)
  region size 1024K, 44 young (45056K), 4 survivors (4096K)
 Metaspace       used 99019K, committed 101120K, reserved 1179648K
  class space    used 13595K, committed 14592K, reserved 1048576K
}
Event: 23.613 GC heap after
{Heap after GC invocations=40 (full 0):
 garbage-first heap   total 132096K, used 82549K [0x0000000080000000, 0x0000000100000000)
  region size 1024K, 6 young (6144K), 6 survivors (6144K)
 Metaspace       used 99019K, committed 101120K, reserved 1179648K
  class space    used 13595K, committed 14592K, reserved 1048576K
}
Event: 24.352 GC heap before
{Heap before GC invocations=40 (full 0):
 garbage-first heap   total 132096K, used 117365K [0x0000000080000000, 0x0000000100000000)
  region size 1024K, 40 young (40960K), 6 survivors (6144K)
 Metaspace       used 101226K, committed 103296K, reserved 1179648K
  class space    used 13950K, committed 14976K, reserved 1048576K
}
Event: 24.365 GC heap after
{Heap after GC invocations=41 (full 0):
 garbage-first heap   total 158720K, used 87040K [0x0000000080000000, 0x0000000100000000)
  region size 1024K, 5 young (5120K), 5 survivors (5120K)
 Metaspace       used 101226K, committed 103296K, reserved 1179648K
  class space    used 13950K, committed 14976K, reserved 1048576K
}
Event: 25.153 GC heap before
{Heap before GC invocations=42 (full 0):
 garbage-first heap   total 158720K, used 145408K [0x0000000080000000, 0x0000000100000000)
  region size 1024K, 58 young (59392K), 5 survivors (5120K)
 Metaspace       used 102602K, committed 104768K, reserved 1179648K
  class space    used 14060K, committed 15104K, reserved 1048576K
}
Event: 25.162 GC heap after
{Heap after GC invocations=43 (full 0):
 garbage-first heap   total 158720K, used 89864K [0x0000000080000000, 0x0000000100000000)
  region size 1024K, 5 young (5120K), 5 survivors (5120K)
 Metaspace       used 102602K, committed 104768K, reserved 1179648K
  class space    used 14060K, committed 15104K, reserved 1048576K
}
Event: 26.205 GC heap before
{Heap before GC invocations=43 (full 0):
 garbage-first heap   total 158720K, used 142088K [0x0000000080000000, 0x0000000100000000)
  region size 1024K, 55 young (56320K), 5 survivors (5120K)
 Metaspace       used 104891K, committed 107008K, reserved 1179648K
  class space    used 14301K, committed 15360K, reserved 1048576K
}
Event: 26.232 GC heap after
{Heap after GC invocations=44 (full 0):
 garbage-first heap   total 166912K, used 105472K [0x0000000080000000, 0x0000000100000000)
  region size 1024K, 7 young (7168K), 7 survivors (7168K)
 Metaspace       used 104891K, committed 107008K, reserved 1179648K
  class space    used 14301K, committed 15360K, reserved 1048576K
}
Event: 26.348 GC heap before
{Heap before GC invocations=44 (full 0):
 garbage-first heap   total 166912K, used 112640K [0x0000000080000000, 0x0000000100000000)
  region size 1024K, 15 young (15360K), 7 survivors (7168K)
 Metaspace       used 104913K, committed 107008K, reserved 1179648K
  class space    used 14301K, committed 15360K, reserved 1048576K
}
Event: 26.367 GC heap after
{Heap after GC invocations=45 (full 0):
 garbage-first heap   total 166912K, used 113664K [0x0000000080000000, 0x0000000100000000)
  region size 1024K, 6 young (6144K), 6 survivors (6144K)
 Metaspace       used 104913K, committed 107008K, reserved 1179648K
  class space    used 14301K, committed 15360K, reserved 1048576K
}
Event: 26.947 GC heap before
{Heap before GC invocations=46 (full 0):
 garbage-first heap   total 215040K, used 150528K [0x0000000080000000, 0x0000000100000000)
  region size 1024K, 28 young (28672K), 6 survivors (6144K)
 Metaspace       used 106930K, committed 109120K, reserved 1179648K
  class space    used 14510K, committed 15616K, reserved 1048576K
}
Event: 26.958 GC heap after
{Heap after GC invocations=47 (full 0):
 garbage-first heap   total 215040K, used 115668K [0x0000000080000000, 0x0000000100000000)
  region size 1024K, 2 young (2048K), 2 survivors (2048K)
 Metaspace       used 106930K, committed 109120K, reserved 1179648K
  class space    used 14510K, committed 15616K, reserved 1048576K
}
Event: 27.440 GC heap before
{Heap before GC invocations=47 (full 0):
 garbage-first heap   total 215040K, used 160724K [0x0000000080000000, 0x0000000100000000)
  region size 1024K, 47 young (48128K), 2 survivors (2048K)
 Metaspace       used 107752K, committed 109952K, reserved 1179648K
  class space    used 14621K, committed 15744K, reserved 1048576K
}
Event: 27.451 GC heap after
{Heap after GC invocations=48 (full 0):
 garbage-first heap   total 215040K, used 118120K [0x0000000080000000, 0x0000000100000000)
  region size 1024K, 5 young (5120K), 5 survivors (5120K)
 Metaspace       used 107752K, committed 109952K, reserved 1179648K
  class space    used 14621K, committed 15744K, reserved 1048576K
}
Event: 28.166 GC heap before
{Heap before GC invocations=48 (full 0):
 garbage-first heap   total 215040K, used 167272K [0x0000000080000000, 0x0000000100000000)
  region size 1024K, 54 young (55296K), 5 survivors (5120K)
 Metaspace       used 108478K, committed 110720K, reserved 1179648K
  class space    used 14694K, committed 15808K, reserved 1048576K
}
Event: 28.178 GC heap after
{Heap after GC invocations=49 (full 0):
 garbage-first heap   total 258048K, used 121856K [0x0000000080000000, 0x0000000100000000)
  region size 1024K, 7 young (7168K), 7 survivors (7168K)
 Metaspace       used 108478K, committed 110720K, reserved 1179648K
  class space    used 14694K, committed 15808K, reserved 1048576K
}

