# JRE version: OpenJDK Runtime Environment (21.0.5) (build 21.0.5+-12932927-b750.29)
# Java VM: OpenJDK 64-Bit Server VM (21.0.5+-12932927-b750.29, mixed mode, tiered, compressed oops, compressed class ptrs, g1 gc, windows-amd64)
GC Precious Log:
 CardTable entry size: 512
 Card Set container configuration: InlinePtr #cards 5 size 8 Array Of Cards #cards 12 size 40 Howl #buckets 4 coarsen threshold 1843 Howl Bitmap #cards 512 size 80 coarsen threshold 460 Card regions per heap region 1 cards per card region 2048
 CPUs: 4 total, 4 available
 Memory: 8035M
 Large Page Support: Disabled
 NUMA Support: Disabled
 Compressed Oops: Enabled (32-bit)
 Heap Region Size: 1M
 Heap Min Capacity: 8M
 Heap Initial Capacity: 126M
 Heap Max Capacity: 2G
 Pre-touch: Disabled
 Parallel Workers: 4
 Concurrent Workers: 1
 Concurrent Refinement Workers: 4
 Periodic GC: Disabled
Heap:
 garbage-first heap   total 270336K, used 137550K [0x0000000080000000, 0x0000000100000000)
  region size 1024K, 2 young (2048K), 2 survivors (2048K)
 Metaspace       used 158777K, committed 164160K, reserved 1245184K
  class space    used 21449K, committed 23360K, reserved 1048576K
GC Heap History (20 events):
Event: 32.116 GC heap after
{Heap after GC invocations=43 (full 0):
 garbage-first heap   total 270336K, used 146432K [0x0000000080000000, 0x0000000100000000)
  region size 1024K, 15 young (15360K), 15 survivors (15360K)
 Metaspace       used 123638K, committed 125824K, reserved 1179648K
  class space    used 16627K, committed 17728K, reserved 1048576K
}
Event: 34.693 GC heap before
{Heap before GC invocations=43 (full 0):
 garbage-first heap   total 270336K, used 237568K [0x0000000080000000, 0x0000000100000000)
  region size 1024K, 103 young (105472K), 15 survivors (15360K)
 Metaspace       used 129305K, committed 131520K, reserved 1179648K
  class space    used 17351K, committed 18496K, reserved 1048576K
}
Event: 34.723 GC heap after
{Heap after GC invocations=44 (full 0):
 garbage-first heap   total 270336K, used 153600K [0x0000000080000000, 0x0000000100000000)
  region size 1024K, 11 young (11264K), 11 survivors (11264K)
 Metaspace       used 129305K, committed 131520K, reserved 1179648K
  class space    used 17351K, committed 18496K, reserved 1048576K
}
Event: 36.449 GC heap before
{Heap before GC invocations=45 (full 0):
 garbage-first heap   total 270336K, used 221184K [0x0000000080000000, 0x0000000100000000)
  region size 1024K, 94 young (96256K), 11 survivors (11264K)
 Metaspace       used 138669K, committed 140992K, reserved 1179648K
  class space    used 18750K, committed 19904K, reserved 1048576K
}
Event: 36.484 GC heap after
{Heap after GC invocations=46 (full 0):
 garbage-first heap   total 270336K, used 144853K [0x0000000080000000, 0x0000000100000000)
  region size 1024K, 9 young (9216K), 9 survivors (9216K)
 Metaspace       used 138669K, committed 140992K, reserved 1179648K
  class space    used 18750K, committed 19904K, reserved 1048576K
}
Event: 37.948 GC heap before
{Heap before GC invocations=46 (full 0):
 garbage-first heap   total 270336K, used 237013K [0x0000000080000000, 0x0000000100000000)
  region size 1024K, 99 young (101376K), 9 survivors (9216K)
 Metaspace       used 143604K, committed 145920K, reserved 1179648K
  class space    used 19430K, committed 20544K, reserved 1048576K
}
Event: 37.960 GC heap after
{Heap after GC invocations=47 (full 0):
 garbage-first heap   total 270336K, used 139150K [0x0000000080000000, 0x0000000100000000)
  region size 1024K, 6 young (6144K), 6 survivors (6144K)
 Metaspace       used 143604K, committed 145920K, reserved 1179648K
  class space    used 19430K, committed 20544K, reserved 1048576K
}
Event: 39.058 GC heap before
{Heap before GC invocations=47 (full 0):
 garbage-first heap   total 270336K, used 184206K [0x0000000080000000, 0x0000000100000000)
  region size 1024K, 45 young (46080K), 6 survivors (6144K)
 Metaspace       used 145550K, committed 147840K, reserved 1179648K
  class space    used 19707K, committed 20864K, reserved 1048576K
}
Event: 39.107 GC heap after
{Heap after GC invocations=48 (full 0):
 garbage-first heap   total 270336K, used 142262K [0x0000000080000000, 0x0000000100000000)
  region size 1024K, 3 young (3072K), 3 survivors (3072K)
 Metaspace       used 145550K, committed 147840K, reserved 1179648K
  class space    used 19707K, committed 20864K, reserved 1048576K
}
Event: 39.110 GC heap before
{Heap before GC invocations=48 (full 0):
 garbage-first heap   total 270336K, used 144310K [0x0000000080000000, 0x0000000100000000)
  region size 1024K, 4 young (4096K), 3 survivors (3072K)
 Metaspace       used 145550K, committed 147840K, reserved 1179648K
  class space    used 19707K, committed 20864K, reserved 1048576K
}
Event: 39.141 GC heap after
{Heap after GC invocations=49 (full 0):
 garbage-first heap   total 270336K, used 143967K [0x0000000080000000, 0x0000000100000000)
  region size 1024K, 3 young (3072K), 3 survivors (3072K)
 Metaspace       used 145550K, committed 147840K, reserved 1179648K
  class space    used 19707K, committed 20864K, reserved 1048576K
}
Event: 3352.736 GC heap before
{Heap before GC invocations=50 (full 0):
 garbage-first heap   total 270336K, used 251006K [0x0000000080000000, 0x0000000100000000)
  region size 1024K, 105 young (107520K), 3 survivors (3072K)
 Metaspace       used 147662K, committed 149888K, reserved 1179648K
  class space    used 19985K, committed 21120K, reserved 1048576K
}
Event: 3353.439 GC heap after
{Heap after GC invocations=51 (full 0):
 garbage-first heap   total 270336K, used 133544K [0x0000000080000000, 0x0000000100000000)
  region size 1024K, 3 young (3072K), 3 survivors (3072K)
 Metaspace       used 147662K, committed 149888K, reserved 1179648K
  class space    used 19985K, committed 21120K, reserved 1048576K
}
Event: 4066.150 GC heap before
{Heap before GC invocations=51 (full 0):
 garbage-first heap   total 270336K, used 257448K [0x0000000080000000, 0x0000000100000000)
  region size 1024K, 118 young (120832K), 3 survivors (3072K)
 Metaspace       used 161531K, committed 163968K, reserved 1245184K
  class space    used 22119K, committed 23296K, reserved 1048576K
}
Event: 4066.332 GC heap after
{Heap after GC invocations=52 (full 0):
 garbage-first heap   total 270336K, used 133770K [0x0000000080000000, 0x0000000100000000)
  region size 1024K, 7 young (7168K), 7 survivors (7168K)
 Metaspace       used 161531K, committed 163968K, reserved 1245184K
  class space    used 22119K, committed 23296K, reserved 1048576K
}
Event: 4066.421 GC heap before
{Heap before GC invocations=52 (full 0):
 garbage-first heap   total 270336K, used 139914K [0x0000000080000000, 0x0000000100000000)
  region size 1024K, 13 young (13312K), 7 survivors (7168K)
 Metaspace       used 161531K, committed 163968K, reserved 1245184K
  class space    used 22119K, committed 23296K, reserved 1048576K
}
Event: 4066.477 GC heap after
{Heap after GC invocations=53 (full 0):
 garbage-first heap   total 270336K, used 135591K [0x0000000080000000, 0x0000000100000000)
  region size 1024K, 2 young (2048K), 2 survivors (2048K)
 Metaspace       used 161531K, committed 163968K, reserved 1245184K
  class space    used 22119K, committed 23296K, reserved 1048576K
}
Event: 4066.768 GC heap before
{Heap before GC invocations=53 (full 0):
 garbage-first heap   total 270336K, used 150951K [0x0000000080000000, 0x0000000100000000)
  region size 1024K, 18 young (18432K), 2 survivors (2048K)
 Metaspace       used 161667K, committed 164160K, reserved 1245184K
  class space    used 22124K, committed 23360K, reserved 1048576K
}
Event: 4066.787 GC heap after
{Heap after GC invocations=54 (full 0):
 garbage-first heap   total 270336K, used 140498K [0x0000000080000000, 0x0000000100000000)
  region size 1024K, 3 young (3072K), 3 survivors (3072K)
 Metaspace       used 161667K, committed 164160K, reserved 1245184K
  class space    used 22124K, committed 23360K, reserved 1048576K
}
Event: 4069.106 GC heap before
{Heap before GC invocations=54 (full 0):
 garbage-first heap   total 270336K, used 148690K [0x0000000080000000, 0x0000000100000000)
  region size 1024K, 13 young (13312K), 3 survivors (3072K)
 Metaspace       used 158777K, committed 164160K, reserved 1245184K
  class space    used 21449K, committed 23360K, reserved 1048576K
}

