# JRE version: OpenJDK Runtime Environment (21.0.5) (build 21.0.5+-12932927-b750.29)
# Java VM: OpenJDK 64-Bit Server VM (21.0.5+-12932927-b750.29, mixed mode, tiered, compressed oops, compressed class ptrs, g1 gc, windows-amd64)
GC Precious Log:
 CardTable entry size: 512
 Card Set container configuration: InlinePtr #cards 5 size 8 Array Of Cards #cards 12 size 40 Howl #buckets 4 coarsen threshold 1843 Howl Bitmap #cards 512 size 80 coarsen threshold 460 Card regions per heap region 1 cards per card region 2048
 CPUs: 4 total, 4 available
 Memory: 8035M
 Large Page Support: Disabled
 NUMA Support: Disabled
 Compressed Oops: Enabled (32-bit)
 Heap Region Size: 1M
 Heap Min Capacity: 8M
 Heap Initial Capacity: 126M
 Heap Max Capacity: 2G
 Pre-touch: Disabled
 Parallel Workers: 4
 Concurrent Workers: 1
 Concurrent Refinement Workers: 4
 Periodic GC: Disabled
Heap:
 garbage-first heap   total 261120K, used 203776K [0x0000000080000000, 0x0000000100000000)
  region size 1024K, 8 young (8192K), 7 survivors (7168K)
 Metaspace       used 111171K, committed 113344K, reserved 1179648K
  class space    used 15354K, committed 16448K, reserved 1048576K
GC Heap History (20 events):
Event: 27.283 GC heap before
{Heap before GC invocations=40 (full 0):
 garbage-first heap   total 153600K, used 138429K [0x0000000080000000, 0x0000000100000000)
  region size 1024K, 61 young (62464K), 5 survivors (5120K)
 Metaspace       used 101284K, committed 103424K, reserved 1179648K
  class space    used 13954K, committed 15040K, reserved 1048576K
}
Event: 27.297 GC heap after
{Heap after GC invocations=41 (full 0):
 garbage-first heap   total 153600K, used 87365K [0x0000000080000000, 0x0000000100000000)
  region size 1024K, 8 young (8192K), 8 survivors (8192K)
 Metaspace       used 101284K, committed 103424K, reserved 1179648K
  class space    used 13954K, committed 15040K, reserved 1048576K
}
Event: 27.941 GC heap before
{Heap before GC invocations=41 (full 0):
 garbage-first heap   total 153600K, used 135493K [0x0000000080000000, 0x0000000100000000)
  region size 1024K, 56 young (57344K), 8 survivors (8192K)
 Metaspace       used 101536K, committed 103680K, reserved 1179648K
  class space    used 13990K, committed 15040K, reserved 1048576K
}
Event: 27.959 GC heap after
{Heap after GC invocations=42 (full 0):
 garbage-first heap   total 153600K, used 89379K [0x0000000080000000, 0x0000000100000000)
  region size 1024K, 5 young (5120K), 5 survivors (5120K)
 Metaspace       used 101536K, committed 103680K, reserved 1179648K
  class space    used 13990K, committed 15040K, reserved 1048576K
}
Event: 28.506 GC heap before
{Heap before GC invocations=42 (full 0):
 garbage-first heap   total 153600K, used 138531K [0x0000000080000000, 0x0000000100000000)
  region size 1024K, 54 young (55296K), 5 survivors (5120K)
 Metaspace       used 101880K, committed 104000K, reserved 1179648K
  class space    used 14038K, committed 15104K, reserved 1048576K
}
Event: 28.515 GC heap after
{Heap after GC invocations=43 (full 0):
 garbage-first heap   total 153600K, used 91470K [0x0000000080000000, 0x0000000100000000)
  region size 1024K, 4 young (4096K), 4 survivors (4096K)
 Metaspace       used 101880K, committed 104000K, reserved 1179648K
  class space    used 14038K, committed 15104K, reserved 1048576K
}
Event: 29.301 GC heap before
{Heap before GC invocations=44 (full 0):
 garbage-first heap   total 162816K, used 143694K [0x0000000080000000, 0x0000000100000000)
  region size 1024K, 51 young (52224K), 4 survivors (4096K)
 Metaspace       used 103935K, committed 106112K, reserved 1179648K
  class space    used 14197K, committed 15296K, reserved 1048576K
}
Event: 29.311 GC heap after
{Heap after GC invocations=45 (full 0):
 garbage-first heap   total 162816K, used 95882K [0x0000000080000000, 0x0000000100000000)
  region size 1024K, 6 young (6144K), 6 survivors (6144K)
 Metaspace       used 103935K, committed 106112K, reserved 1179648K
  class space    used 14197K, committed 15296K, reserved 1048576K
}
Event: 30.140 GC heap before
{Heap before GC invocations=45 (full 0):
 garbage-first heap   total 162816K, used 160394K [0x0000000080000000, 0x0000000100000000)
  region size 1024K, 56 young (57344K), 6 survivors (6144K)
 Metaspace       used 105365K, committed 107520K, reserved 1179648K
  class space    used 14375K, committed 15424K, reserved 1048576K
}
Event: 30.155 GC heap after
{Heap after GC invocations=46 (full 0):
 garbage-first heap   total 174080K, used 113301K [0x0000000080000000, 0x0000000100000000)
  region size 1024K, 7 young (7168K), 7 survivors (7168K)
 Metaspace       used 105365K, committed 107520K, reserved 1179648K
  class space    used 14375K, committed 15424K, reserved 1048576K
}
Event: 30.657 GC heap before
{Heap before GC invocations=46 (full 0):
 garbage-first heap   total 174080K, used 129685K [0x0000000080000000, 0x0000000100000000)
  region size 1024K, 25 young (25600K), 7 survivors (7168K)
 Metaspace       used 107767K, committed 109952K, reserved 1179648K
  class space    used 14717K, committed 15808K, reserved 1048576K
}
Event: 30.666 GC heap after
{Heap after GC invocations=47 (full 0):
 garbage-first heap   total 208896K, used 114538K [0x0000000080000000, 0x0000000100000000)
  region size 1024K, 2 young (2048K), 2 survivors (2048K)
 Metaspace       used 107767K, committed 109952K, reserved 1179648K
  class space    used 14717K, committed 15808K, reserved 1048576K
}
Event: 30.670 GC heap before
{Heap before GC invocations=47 (full 0):
 garbage-first heap   total 208896K, used 115562K [0x0000000080000000, 0x0000000100000000)
  region size 1024K, 2 young (2048K), 2 survivors (2048K)
 Metaspace       used 107767K, committed 109952K, reserved 1179648K
  class space    used 14717K, committed 15808K, reserved 1048576K
}
Event: 30.674 GC heap after
{Heap after GC invocations=48 (full 0):
 garbage-first heap   total 208896K, used 115370K [0x0000000080000000, 0x0000000100000000)
  region size 1024K, 2 young (2048K), 2 survivors (2048K)
 Metaspace       used 107767K, committed 109952K, reserved 1179648K
  class space    used 14717K, committed 15808K, reserved 1048576K
}
Event: 32.230 GC heap before
{Heap before GC invocations=49 (full 0):
 garbage-first heap   total 250880K, used 225962K [0x0000000080000000, 0x0000000100000000)
  region size 1024K, 76 young (77824K), 2 survivors (2048K)
 Metaspace       used 108636K, committed 110784K, reserved 1179648K
  class space    used 14848K, committed 15936K, reserved 1048576K
}
Event: 32.277 GC heap after
{Heap after GC invocations=50 (full 0):
 garbage-first heap   total 253952K, used 155425K [0x0000000080000000, 0x0000000100000000)
  region size 1024K, 10 young (10240K), 10 survivors (10240K)
 Metaspace       used 108636K, committed 110784K, reserved 1179648K
  class space    used 14848K, committed 15936K, reserved 1048576K
}
Event: 33.106 GC heap before
{Heap before GC invocations=50 (full 0):
 garbage-first heap   total 253952K, used 220961K [0x0000000080000000, 0x0000000100000000)
  region size 1024K, 74 young (75776K), 10 survivors (10240K)
 Metaspace       used 111161K, committed 113280K, reserved 1179648K
  class space    used 15352K, committed 16384K, reserved 1048576K
}
Event: 33.170 GC heap after
{Heap after GC invocations=51 (full 0):
 garbage-first heap   total 261120K, used 181760K [0x0000000080000000, 0x0000000100000000)
  region size 1024K, 10 young (10240K), 10 survivors (10240K)
 Metaspace       used 111161K, committed 113280K, reserved 1179648K
  class space    used 15352K, committed 16384K, reserved 1048576K
}
Event: 33.432 GC heap before
{Heap before GC invocations=51 (full 0):
 garbage-first heap   total 261120K, used 224768K [0x0000000080000000, 0x0000000100000000)
  region size 1024K, 52 young (53248K), 10 survivors (10240K)
 Metaspace       used 111171K, committed 113344K, reserved 1179648K
  class space    used 15354K, committed 16448K, reserved 1048576K
}
Event: 33.492 GC heap after
{Heap after GC invocations=52 (full 0):
 garbage-first heap   total 261120K, used 203776K [0x0000000080000000, 0x0000000100000000)
  region size 1024K, 7 young (7168K), 7 survivors (7168K)
 Metaspace       used 111171K, committed 113344K, reserved 1179648K
  class space    used 15354K, committed 16448K, reserved 1048576K
}

