# JRE version: OpenJDK Runtime Environment (21.0.5) (build 21.0.5+-12932927-b750.29)
# Java VM: OpenJDK 64-Bit Server VM (21.0.5+-12932927-b750.29, mixed mode, tiered, compressed oops, compressed class ptrs, g1 gc, windows-amd64)
GC Precious Log:
 CardTable entry size: 512
 Card Set container configuration: InlinePtr #cards 5 size 8 Array Of Cards #cards 12 size 40 Howl #buckets 4 coarsen threshold 1843 Howl Bitmap #cards 512 size 80 coarsen threshold 460 Card regions per heap region 1 cards per card region 2048
 CPUs: 4 total, 4 available
 Memory: 8035M
 Large Page Support: Disabled
 NUMA Support: Disabled
 Compressed Oops: Enabled (32-bit)
 Heap Region Size: 1M
 Heap Min Capacity: 8M
 Heap Initial Capacity: 126M
 Heap Max Capacity: 2G
 Pre-touch: Disabled
 Parallel Workers: 4
 Concurrent Workers: 1
 Concurrent Refinement Workers: 4
 Periodic GC: Disabled
Heap:
 garbage-first heap   total 209920K, used 143736K [0x0000000080000000, 0x0000000100000000)
  region size 1024K, 26 young (26624K), 4 survivors (4096K)
 Metaspace       used 141875K, committed 144192K, reserved 1179648K
  class space    used 18037K, committed 19200K, reserved 1048576K
GC Heap History (20 events):
Event: 32.895 GC heap before
{Heap before GC invocations=39 (full 0):
 garbage-first heap   total 168960K, used 147975K [0x0000000080000000, 0x0000000100000000)
  region size 1024K, 63 young (64512K), 5 survivors (5120K)
 Metaspace       used 125832K, committed 127936K, reserved 1179648K
  class space    used 16089K, committed 17152K, reserved 1048576K
}
Event: 32.907 GC heap after
{Heap after GC invocations=40 (full 0):
 garbage-first heap   total 168960K, used 94124K [0x0000000080000000, 0x0000000100000000)
  region size 1024K, 8 young (8192K), 8 survivors (8192K)
 Metaspace       used 125832K, committed 127936K, reserved 1179648K
  class space    used 16089K, committed 17152K, reserved 1048576K
}
Event: 34.064 GC heap before
{Heap before GC invocations=40 (full 0):
 garbage-first heap   total 168960K, used 150444K [0x0000000080000000, 0x0000000100000000)
  region size 1024K, 64 young (65536K), 8 survivors (8192K)
 Metaspace       used 126747K, committed 128832K, reserved 1179648K
  class space    used 16155K, committed 17216K, reserved 1048576K
}
Event: 34.087 GC heap after
{Heap after GC invocations=41 (full 0):
 garbage-first heap   total 168960K, used 94883K [0x0000000080000000, 0x0000000100000000)
  region size 1024K, 5 young (5120K), 5 survivors (5120K)
 Metaspace       used 126747K, committed 128832K, reserved 1179648K
  class space    used 16155K, committed 17216K, reserved 1048576K
}
Event: 35.028 GC heap before
{Heap before GC invocations=41 (full 0):
 garbage-first heap   total 168960K, used 151203K [0x0000000080000000, 0x0000000100000000)
  region size 1024K, 61 young (62464K), 5 survivors (5120K)
 Metaspace       used 126797K, committed 128896K, reserved 1179648K
  class space    used 16155K, committed 17216K, reserved 1048576K
}
Event: 35.038 GC heap after
{Heap after GC invocations=42 (full 0):
 garbage-first heap   total 168960K, used 96151K [0x0000000080000000, 0x0000000100000000)
  region size 1024K, 6 young (6144K), 6 survivors (6144K)
 Metaspace       used 126797K, committed 128896K, reserved 1179648K
  class space    used 16155K, committed 17216K, reserved 1048576K
}
Event: 36.442 GC heap before
{Heap before GC invocations=43 (full 0):
 garbage-first heap   total 168960K, used 155543K [0x0000000080000000, 0x0000000100000000)
  region size 1024K, 62 young (63488K), 6 survivors (6144K)
 Metaspace       used 127238K, committed 129344K, reserved 1179648K
  class space    used 16224K, committed 17280K, reserved 1048576K
}
Event: 36.460 GC heap after
{Heap after GC invocations=44 (full 0):
 garbage-first heap   total 171008K, used 102959K [0x0000000080000000, 0x0000000100000000)
  region size 1024K, 8 young (8192K), 8 survivors (8192K)
 Metaspace       used 127238K, committed 129344K, reserved 1179648K
  class space    used 16224K, committed 17280K, reserved 1048576K
}
Event: 37.065 GC heap before
{Heap before GC invocations=44 (full 0):
 garbage-first heap   total 171008K, used 157231K [0x0000000080000000, 0x0000000100000000)
  region size 1024K, 56 young (57344K), 8 survivors (8192K)
 Metaspace       used 127362K, committed 129472K, reserved 1179648K
  class space    used 16226K, committed 17280K, reserved 1048576K
}
Event: 37.107 GC heap after
{Heap after GC invocations=45 (full 0):
 garbage-first heap   total 177152K, used 104197K [0x0000000080000000, 0x0000000100000000)
  region size 1024K, 7 young (7168K), 7 survivors (7168K)
 Metaspace       used 127362K, committed 129472K, reserved 1179648K
  class space    used 16226K, committed 17280K, reserved 1048576K
}
Event: 38.068 GC heap before
{Heap before GC invocations=45 (full 0):
 garbage-first heap   total 177152K, used 142085K [0x0000000080000000, 0x0000000100000000)
  region size 1024K, 46 young (47104K), 7 survivors (7168K)
 Metaspace       used 128337K, committed 130496K, reserved 1179648K
  class space    used 16318K, committed 17408K, reserved 1048576K
}
Event: 38.087 GC heap after
{Heap after GC invocations=46 (full 0):
 garbage-first heap   total 177152K, used 110916K [0x0000000080000000, 0x0000000100000000)
  region size 1024K, 7 young (7168K), 7 survivors (7168K)
 Metaspace       used 128337K, committed 130496K, reserved 1179648K
  class space    used 16318K, committed 17408K, reserved 1048576K
}
Event: 39.851 GC heap before
{Heap before GC invocations=47 (full 0):
 garbage-first heap   total 191488K, used 160068K [0x0000000080000000, 0x0000000100000000)
  region size 1024K, 52 young (53248K), 7 survivors (7168K)
 Metaspace       used 131882K, committed 134080K, reserved 1179648K
  class space    used 16763K, committed 17856K, reserved 1048576K
}
Event: 39.865 GC heap after
{Heap after GC invocations=48 (full 0):
 garbage-first heap   total 191488K, used 118087K [0x0000000080000000, 0x0000000100000000)
  region size 1024K, 4 young (4096K), 4 survivors (4096K)
 Metaspace       used 131882K, committed 134080K, reserved 1179648K
  class space    used 16763K, committed 17856K, reserved 1048576K
}
Event: 42.018 GC heap before
{Heap before GC invocations=48 (full 0):
 garbage-first heap   total 191488K, used 171335K [0x0000000080000000, 0x0000000100000000)
  region size 1024K, 56 young (57344K), 4 survivors (4096K)
 Metaspace       used 138104K, committed 140352K, reserved 1179648K
  class space    used 17555K, committed 18688K, reserved 1048576K
}
Event: 42.027 GC heap after
{Heap after GC invocations=49 (full 0):
 garbage-first heap   total 191488K, used 120685K [0x0000000080000000, 0x0000000100000000)
  region size 1024K, 7 young (7168K), 7 survivors (7168K)
 Metaspace       used 138104K, committed 140352K, reserved 1179648K
  class space    used 17555K, committed 18688K, reserved 1048576K
}
Event: 42.039 GC heap before
{Heap before GC invocations=49 (full 0):
 garbage-first heap   total 191488K, used 122733K [0x0000000080000000, 0x0000000100000000)
  region size 1024K, 10 young (10240K), 7 survivors (7168K)
 Metaspace       used 138104K, committed 140352K, reserved 1179648K
  class space    used 17555K, committed 18688K, reserved 1048576K
}
Event: 42.047 GC heap after
{Heap after GC invocations=50 (full 0):
 garbage-first heap   total 191488K, used 122589K [0x0000000080000000, 0x0000000100000000)
  region size 1024K, 6 young (6144K), 6 survivors (6144K)
 Metaspace       used 138104K, committed 140352K, reserved 1179648K
  class space    used 17555K, committed 18688K, reserved 1048576K
}
Event: 42.799 GC heap before
{Heap before GC invocations=51 (full 0):
 garbage-first heap   total 209920K, used 160477K [0x0000000080000000, 0x0000000100000000)
  region size 1024K, 41 young (41984K), 6 survivors (6144K)
 Metaspace       used 140287K, committed 142592K, reserved 1179648K
  class space    used 17855K, committed 19008K, reserved 1048576K
}
Event: 42.807 GC heap after
{Heap after GC invocations=52 (full 0):
 garbage-first heap   total 209920K, used 122232K [0x0000000080000000, 0x0000000100000000)
  region size 1024K, 4 young (4096K), 4 survivors (4096K)
 Metaspace       used 140287K, committed 142592K, reserved 1179648K
  class space    used 17855K, committed 19008K, reserved 1048576K
}

