# JRE version: OpenJDK Runtime Environment (21.0.5) (build 21.0.5+-12932927-b750.29)
# Java VM: OpenJDK 64-Bit Server VM (21.0.5+-12932927-b750.29, mixed mode, tiered, compressed oops, compressed class ptrs, g1 gc, windows-amd64)
GC Precious Log:
 CardTable entry size: 512
 Card Set container configuration: InlinePtr #cards 5 size 8 Array Of Cards #cards 12 size 40 Howl #buckets 4 coarsen threshold 1843 Howl Bitmap #cards 512 size 80 coarsen threshold 460 Card regions per heap region 1 cards per card region 2048
 CPUs: 4 total, 4 available
 Memory: 8035M
 Large Page Support: Disabled
 NUMA Support: Disabled
 Compressed Oops: Enabled (32-bit)
 Heap Region Size: 1M
 Heap Min Capacity: 8M
 Heap Initial Capacity: 126M
 Heap Max Capacity: 2G
 Pre-touch: Disabled
 Parallel Workers: 4
 Concurrent Workers: 1
 Concurrent Refinement Workers: 4
 Periodic GC: Disabled
Heap:
 garbage-first heap   total 215040K, used 179200K [0x0000000080000000, 0x0000000100000000)
  region size 1024K, 5 young (5120K), 5 survivors (5120K)
 Metaspace       used 111190K, committed 113344K, reserved 1179648K
  class space    used 15355K, committed 16448K, reserved 1048576K
GC Heap History (20 events):
Event: 20.680 GC heap after
{Heap after GC invocations=32 (full 0):
 garbage-first heap   total 132096K, used 79176K [0x0000000080000000, 0x0000000100000000)
  region size 1024K, 5 young (5120K), 5 survivors (5120K)
 Metaspace       used 95508K, committed 97600K, reserved 1179648K
  class space    used 13110K, committed 14144K, reserved 1048576K
}
Event: 21.362 GC heap before
{Heap before GC invocations=33 (full 0):
 garbage-first heap   total 133120K, used 119112K [0x0000000080000000, 0x0000000100000000)
  region size 1024K, 44 young (45056K), 5 survivors (5120K)
 Metaspace       used 98605K, committed 100672K, reserved 1179648K
  class space    used 13552K, committed 14592K, reserved 1048576K
}
Event: 21.373 GC heap after
{Heap after GC invocations=34 (full 0):
 garbage-first heap   total 133120K, used 82200K [0x0000000080000000, 0x0000000100000000)
  region size 1024K, 5 young (5120K), 5 survivors (5120K)
 Metaspace       used 98605K, committed 100672K, reserved 1179648K
  class space    used 13552K, committed 14592K, reserved 1048576K
}
Event: 22.081 GC heap before
{Heap before GC invocations=34 (full 0):
 garbage-first heap   total 133120K, used 119064K [0x0000000080000000, 0x0000000100000000)
  region size 1024K, 42 young (43008K), 5 survivors (5120K)
 Metaspace       used 101291K, committed 103424K, reserved 1179648K
  class space    used 13962K, committed 15040K, reserved 1048576K
}
Event: 22.107 GC heap after
{Heap after GC invocations=35 (full 0):
 garbage-first heap   total 133120K, used 86016K [0x0000000080000000, 0x0000000100000000)
  region size 1024K, 6 young (6144K), 6 survivors (6144K)
 Metaspace       used 101291K, committed 103424K, reserved 1179648K
  class space    used 13962K, committed 15040K, reserved 1048576K
}
Event: 22.497 GC heap before
{Heap before GC invocations=35 (full 0):
 garbage-first heap   total 133120K, used 119808K [0x0000000080000000, 0x0000000100000000)
  region size 1024K, 39 young (39936K), 6 survivors (6144K)
 Metaspace       used 101304K, committed 103424K, reserved 1179648K
  class space    used 13963K, committed 15040K, reserved 1048576K
}
Event: 22.511 GC heap after
{Heap after GC invocations=36 (full 0):
 garbage-first heap   total 159744K, used 87666K [0x0000000080000000, 0x0000000100000000)
  region size 1024K, 3 young (3072K), 3 survivors (3072K)
 Metaspace       used 101304K, committed 103424K, reserved 1179648K
  class space    used 13963K, committed 15040K, reserved 1048576K
}
Event: 23.802 GC heap before
{Heap before GC invocations=37 (full 0):
 garbage-first heap   total 159744K, used 145010K [0x0000000080000000, 0x0000000100000000)
  region size 1024K, 60 young (61440K), 3 survivors (3072K)
 Metaspace       used 101700K, committed 103872K, reserved 1179648K
  class space    used 14020K, committed 15104K, reserved 1048576K
}
Event: 23.810 GC heap after
{Heap after GC invocations=38 (full 0):
 garbage-first heap   total 159744K, used 90605K [0x0000000080000000, 0x0000000100000000)
  region size 1024K, 6 young (6144K), 6 survivors (6144K)
 Metaspace       used 101700K, committed 103872K, reserved 1179648K
  class space    used 14020K, committed 15104K, reserved 1048576K
}
Event: 24.626 GC heap before
{Heap before GC invocations=38 (full 0):
 garbage-first heap   total 159744K, used 147949K [0x0000000080000000, 0x0000000100000000)
  region size 1024K, 58 young (59392K), 6 survivors (6144K)
 Metaspace       used 103654K, committed 105792K, reserved 1179648K
  class space    used 14175K, committed 15232K, reserved 1048576K
}
Event: 24.641 GC heap after
{Heap after GC invocations=39 (full 0):
 garbage-first heap   total 160768K, used 91511K [0x0000000080000000, 0x0000000100000000)
  region size 1024K, 6 young (6144K), 6 survivors (6144K)
 Metaspace       used 103654K, committed 105792K, reserved 1179648K
  class space    used 14175K, committed 15232K, reserved 1048576K
}
Event: 25.302 GC heap before
{Heap before GC invocations=39 (full 0):
 garbage-first heap   total 160768K, used 142711K [0x0000000080000000, 0x0000000100000000)
  region size 1024K, 57 young (58368K), 6 survivors (6144K)
 Metaspace       used 104502K, committed 106752K, reserved 1179648K
  class space    used 14270K, committed 15424K, reserved 1048576K
}
Event: 25.313 GC heap after
{Heap after GC invocations=40 (full 0):
 garbage-first heap   total 160768K, used 94688K [0x0000000080000000, 0x0000000100000000)
  region size 1024K, 5 young (5120K), 5 survivors (5120K)
 Metaspace       used 104502K, committed 106752K, reserved 1179648K
  class space    used 14270K, committed 15424K, reserved 1048576K
}
Event: 26.290 GC heap before
{Heap before GC invocations=41 (full 0):
 garbage-first heap   total 183296K, used 181728K [0x0000000080000000, 0x0000000100000000)
  region size 1024K, 52 young (53248K), 5 survivors (5120K)
 Metaspace       used 108123K, committed 110400K, reserved 1179648K
  class space    used 14775K, committed 15936K, reserved 1048576K
}
Event: 26.307 GC heap after
{Heap after GC invocations=42 (full 0):
 garbage-first heap   total 196608K, used 128374K [0x0000000080000000, 0x0000000100000000)
  region size 1024K, 7 young (7168K), 7 survivors (7168K)
 Metaspace       used 108123K, committed 110400K, reserved 1179648K
  class space    used 14775K, committed 15936K, reserved 1048576K
}
Event: 26.837 GC heap before
{Heap before GC invocations=42 (full 0):
 garbage-first heap   total 196608K, used 187766K [0x0000000080000000, 0x0000000100000000)
  region size 1024K, 55 young (56320K), 7 survivors (7168K)
 Metaspace       used 108444K, committed 110656K, reserved 1179648K
  class space    used 14817K, committed 15936K, reserved 1048576K
}
Event: 26.904 GC heap after
{Heap after GC invocations=43 (full 0):
 garbage-first heap   total 214016K, used 149504K [0x0000000080000000, 0x0000000100000000)
  region size 1024K, 7 young (7168K), 7 survivors (7168K)
 Metaspace       used 108444K, committed 110656K, reserved 1179648K
  class space    used 14817K, committed 15936K, reserved 1048576K
}
Event: 28.039 GC heap before
{Heap before GC invocations=43 (full 0):
 garbage-first heap   total 214016K, used 188416K [0x0000000080000000, 0x0000000100000000)
  region size 1024K, 46 young (47104K), 7 survivors (7168K)
 Metaspace       used 111156K, committed 113344K, reserved 1179648K
  class space    used 15354K, committed 16448K, reserved 1048576K
}
Event: 28.076 GC heap after
{Heap after GC invocations=44 (full 0):
 garbage-first heap   total 214016K, used 163328K [0x0000000080000000, 0x0000000100000000)
  region size 1024K, 6 young (6144K), 6 survivors (6144K)
 Metaspace       used 111156K, committed 113344K, reserved 1179648K
  class space    used 15354K, committed 16448K, reserved 1048576K
}
Event: 28.329 GC heap before
{Heap before GC invocations=44 (full 0):
 garbage-first heap   total 214016K, used 192000K [0x0000000080000000, 0x0000000100000000)
  region size 1024K, 35 young (35840K), 6 survivors (6144K)
 Metaspace       used 111190K, committed 113344K, reserved 1179648K
  class space    used 15355K, committed 16448K, reserved 1048576K
}

